Build started 04/15/2013 15:05:24.
     1>Project "E:\Self_Practice\ObjectDetection\DetectFace\DetectFace.vcxproj" on node 2 (build target(s)).
     1>InitializeBuildStatus:
         Creating "Debug\DetectFace.unsuccessfulbuild" because "AlwaysCreate" was specified.
       ClCompile:
         C:\Program Files (x86)\Microsoft Visual Studio 10.0\VC\bin\CL.exe /c /IC:\OpenCV2.4.5\opencv\build\include /I"C:\Program Files (x86)\Microsoft Visual Studio 10.0\VC\include" /I"C:\Program Files (x86)\Microsoft Visual Studio 10.0\VC\atlmfc\include" /I"C:\Program Files (x86)\Microsoft SDKs\Windows\v7.0A\include" /I"C:\Program Files (x86)\Microsoft SDKs\Windows\v7.0A\\include" /ZI /nologo /W3 /WX- /Od /Oy- /D _MBCS /Gm /EHsc /RTC1 /MDd /GS /fp:precise /Zc:wchar_t /Zc:forScope /Fo"Debug\\" /Fd"Debug\vc100.pdb" /Gd /TP /analyze- /errorReport:prompt main.cpp
         main.cpp
     1>e:\self_practice\objectdetection\detectface\main.cpp(129): warning C4018: '<' : signed/unsigned mismatch
     1>e:\self_practice\objectdetection\detectface\main.cpp(131): warning C4244: 'argument' : conversion from 'double' to 'int', possible loss of data
     1>e:\self_practice\objectdetection\detectface\main.cpp(131): warning C4244: 'argument' : conversion from 'double' to 'int', possible loss of data
     1>e:\self_practice\objectdetection\detectface\main.cpp(132): warning C4244: 'argument' : conversion from 'double' to 'int', possible loss of data
     1>e:\self_practice\objectdetection\detectface\main.cpp(132): warning C4244: 'argument' : conversion from 'double' to 'int', possible loss of data
     1>e:\self_practice\objectdetection\detectface\main.cpp(140): warning C4018: '<' : signed/unsigned mismatch
     1>e:\self_practice\objectdetection\detectface\main.cpp(142): warning C4244: 'argument' : conversion from 'double' to 'int', possible loss of data
     1>e:\self_practice\objectdetection\detectface\main.cpp(142): warning C4244: 'argument' : conversion from 'double' to 'int', possible loss of data
       Link:
         C:\Program Files (x86)\Microsoft Visual Studio 10.0\VC\bin\link.exe /ERRORREPORT:PROMPT /OUT:"E:\Self_Practice\ObjectDetection\Debug\DetectFace.exe" /NOLOGO /LIBPATH:C:\OpenCV2.4.5\opencv\build\x86\vc10\lib opencv_calib3d245d.lib opencv_contrib245d.lib opencv_core245d.lib opencv_features2d245d.lib opencv_flann245d.lib opencv_gpu245d.lib opencv_haartraining_engined.lib opencv_highgui245d.lib opencv_imgproc245d.lib opencv_legacy245d.lib opencv_ml245d.lib opencv_nonfree245d.lib opencv_objdetect245d.lib opencv_photo245d.lib opencv_stitching245d.lib opencv_superres245d.lib opencv_ts245d.lib opencv_video245d.lib opencv_videostab245d.lib kernel32.lib user32.lib gdi32.lib winspool.lib comdlg32.lib advapi32.lib shell32.lib ole32.lib oleaut32.lib uuid.lib odbc32.lib odbccp32.lib /MANIFEST /ManifestFile:"Debug\DetectFace.exe.intermediate.manifest" /MANIFESTUAC:"level='asInvoker' uiAccess='false'" /DEBUG /PDB:"E:\Self_Practice\ObjectDetection\Debug\DetectFace.pdb" /TLBID:1 /DYNAMICBASE /NXCOMPAT /IMPLIB:"E:\Self_Practice\ObjectDetection\Debug\DetectFace.lib" /MACHINE:X86 Debug\main.obj
         LINK : E:\Self_Practice\ObjectDetection\Debug\DetectFace.exe not found or not built by the last incremental link; performing full link
         DetectFace.vcxproj -> E:\Self_Practice\ObjectDetection\Debug\DetectFace.exe
       Manifest:
         C:\Program Files (x86)\Microsoft SDKs\Windows\v7.0A\bin\mt.exe /nologo /verbose /outputresource:"E:\Self_Practice\ObjectDetection\Debug\DetectFace.exe;#1" /manifest Debug\DetectFace.exe.intermediate.manifest
       FinalizeBuildStatus:
         Deleting file "Debug\DetectFace.unsuccessfulbuild".
         Touching "Debug\DetectFace.lastbuildstate".
     1>Done Building Project "E:\Self_Practice\ObjectDetection\DetectFace\DetectFace.vcxproj" (build target(s)).

Build succeeded.

Time Elapsed 00:00:01.54
