Build started 05/01/2014 20:52:46.
     1>Project "E:\Self_Practice\ObjectDetection\SearchRepresentativeFeature\SearchRepresentativeFeature.vcxproj" on node 2 (build target(s)).
     1>InitializeBuildStatus:
         Creating "Debug\SearchRepresentativeFeature.unsuccessfulbuild" because "AlwaysCreate" was specified.
       ClCompile:
         C:\Program Files (x86)\Microsoft Visual Studio 10.0\VC\bin\CL.exe /c /IC:\OpenCV2.4.5\opencv\build\include /ZI /nologo /W3 /WX- /Od /Oy- /D _MBCS /Gm /EHsc /RTC1 /MDd /GS /fp:precise /Zc:wchar_t /Zc:forScope /Fo"Debug\\" /Fd"Debug\vc100.pdb" /Gd /TP /analyze- /errorReport:prompt main.cpp
         main.cpp
     1>e:\self_practice\objectdetection\searchrepresentativefeature\main.cpp(49): warning C4305: 'argument' : truncation from 'double' to 'float'
     1>e:\self_practice\objectdetection\searchrepresentativefeature\main.cpp(46): warning C4101: 'featureSize' : unreferenced local variable
     1>e:\self_practice\objectdetection\searchrepresentativefeature\main.cpp(110): warning C4996: 'mkdir': The POSIX name for this item is deprecated. Instead, use the ISO C++ conformant name: _mkdir. See online help for details.
                 c:\program files (x86)\microsoft visual studio 10.0\vc\include\direct.h(124) : see declaration of 'mkdir'
     1>e:\self_practice\objectdetection\searchrepresentativefeature\main.cpp(133): warning C4244: '=' : conversion from '_off_t' to 'float', possible loss of data
     1>e:\self_practice\objectdetection\searchrepresentativefeature\main.cpp(134): warning C4244: '=' : conversion from 'double' to 'float', possible loss of data
     1>e:\self_practice\objectdetection\searchrepresentativefeature\main.cpp(105): warning C4101: 'strResultFile' : unreferenced local variable
     1>e:\self_practice\objectdetection\searchrepresentativefeature\main.cpp(91): warning C4101: 't' : unreferenced local variable
     1>e:\self_practice\objectdetection\searchrepresentativefeature\main.cpp(175): warning C4996: 'mkdir': The POSIX name for this item is deprecated. Instead, use the ISO C++ conformant name: _mkdir. See online help for details.
                 c:\program files (x86)\microsoft visual studio 10.0\vc\include\direct.h(124) : see declaration of 'mkdir'
     1>e:\self_practice\objectdetection\searchrepresentativefeature\main.cpp(198): warning C4244: '=' : conversion from '_off_t' to 'float', possible loss of data
     1>e:\self_practice\objectdetection\searchrepresentativefeature\main.cpp(199): warning C4244: '=' : conversion from 'double' to 'float', possible loss of data
     1>e:\self_practice\objectdetection\searchrepresentativefeature\main.cpp(208): warning C4244: '=' : conversion from '_off_t' to 'float', possible loss of data
     1>e:\self_practice\objectdetection\searchrepresentativefeature\main.cpp(209): warning C4244: '=' : conversion from 'double' to 'float', possible loss of data
     1>e:\self_practice\objectdetection\searchrepresentativefeature\main.cpp(152): warning C4101: 's' : unreferenced local variable
     1>e:\self_practice\objectdetection\searchrepresentativefeature\main.cpp(268): warning C4996: 'mkdir': The POSIX name for this item is deprecated. Instead, use the ISO C++ conformant name: _mkdir. See online help for details.
                 c:\program files (x86)\microsoft visual studio 10.0\vc\include\direct.h(124) : see declaration of 'mkdir'
     1>e:\self_practice\objectdetection\searchrepresentativefeature\main.cpp(291): warning C4244: '=' : conversion from '_off_t' to 'float', possible loss of data
     1>e:\self_practice\objectdetection\searchrepresentativefeature\main.cpp(292): warning C4244: '=' : conversion from 'double' to 'float', possible loss of data
     1>e:\self_practice\objectdetection\searchrepresentativefeature\main.cpp(301): warning C4244: '=' : conversion from '_off_t' to 'float', possible loss of data
     1>e:\self_practice\objectdetection\searchrepresentativefeature\main.cpp(302): warning C4244: '=' : conversion from 'double' to 'float', possible loss of data
     1>e:\self_practice\objectdetection\searchrepresentativefeature\main.cpp(245): warning C4101: 's' : unreferenced local variable
     1>e:\self_practice\objectdetection\searchrepresentativefeature\main.cpp(368): warning C4305: 'argument' : truncation from 'double' to 'float'
     1>e:\self_practice\objectdetection\searchrepresentativefeature\main.cpp(391): warning C4101: 'strLine' : unreferenced local variable
     1>e:\self_practice\objectdetection\searchrepresentativefeature\main.cpp(450): warning C4244: '=' : conversion from '_off_t' to 'float', possible loss of data
     1>e:\self_practice\objectdetection\searchrepresentativefeature\main.cpp(451): warning C4244: '=' : conversion from 'double' to 'float', possible loss of data
       Link:
         C:\Program Files (x86)\Microsoft Visual Studio 10.0\VC\bin\link.exe /ERRORREPORT:PROMPT /OUT:"E:\Self_Practice\ObjectDetection\Debug\SearchRepresentativeFeature.exe" /NOLOGO /LIBPATH:C:\OpenCV2.4.5\opencv\build\x86\vc10\lib opencv_calib3d245d.lib opencv_contrib245d.lib opencv_core245d.lib opencv_features2d245d.lib opencv_flann245d.lib opencv_gpu245d.lib opencv_haartraining_engined.lib opencv_highgui245d.lib opencv_imgproc245d.lib opencv_legacy245d.lib opencv_ml245d.lib opencv_nonfree245d.lib opencv_objdetect245d.lib opencv_photo245d.lib opencv_stitching245d.lib opencv_superres245d.lib opencv_ts245d.lib opencv_video245d.lib opencv_videostab245d.lib kernel32.lib user32.lib gdi32.lib winspool.lib comdlg32.lib advapi32.lib shell32.lib ole32.lib oleaut32.lib uuid.lib odbc32.lib odbccp32.lib /MANIFEST /ManifestFile:"Debug\SearchRepresentativeFeature.exe.intermediate.manifest" /MANIFESTUAC:"level='asInvoker' uiAccess='false'" /DEBUG /PDB:"E:\Self_Practice\ObjectDetection\Debug\SearchRepresentativeFeature.pdb" /TLBID:1 /DYNAMICBASE /NXCOMPAT /IMPLIB:"E:\Self_Practice\ObjectDetection\Debug\SearchRepresentativeFeature.lib" /MACHINE:X86 Debug\main.obj
         Debug\OrbMatching.obj
         LINK : E:\Self_Practice\ObjectDetection\Debug\SearchRepresentativeFeature.exe not found or not built by the last incremental link; performing full link
         SearchRepresentativeFeature.vcxproj -> E:\Self_Practice\ObjectDetection\Debug\SearchRepresentativeFeature.exe
       Manifest:
         C:\Program Files (x86)\Microsoft SDKs\Windows\v7.0A\bin\mt.exe /nologo /verbose /outputresource:"E:\Self_Practice\ObjectDetection\Debug\SearchRepresentativeFeature.exe;#1" /manifest Debug\SearchRepresentativeFeature.exe.intermediate.manifest
       FinalizeBuildStatus:
         Deleting file "Debug\SearchRepresentativeFeature.unsuccessfulbuild".
         Touching "Debug\SearchRepresentativeFeature.lastbuildstate".
     1>Done Building Project "E:\Self_Practice\ObjectDetection\SearchRepresentativeFeature\SearchRepresentativeFeature.vcxproj" (build target(s)).

Build succeeded.

Time Elapsed 00:00:02.26
