Build started 03/12/2014 23:35:40.
     1>Project "E:\Self_Practice\ObjectDetection\DetectVehicleWidth\DetectVehicleWidth.vcxproj" on node 2 (build target(s)).
     1>InitializeBuildStatus:
         Creating "Debug\DetectVehicleWidth.unsuccessfulbuild" because "AlwaysCreate" was specified.
       ClCompile:
         C:\Program Files (x86)\Microsoft Visual Studio 10.0\VC\bin\CL.exe /c /IC:\OpenCV2.4.5\opencv\build\include /ZI /nologo /W3 /WX- /Od /Oy- /D _MBCS /Gm /EHsc /RTC1 /MDd /GS /fp:precise /Zc:wchar_t /Zc:forScope /Fo"Debug\\" /Fd"Debug\vc100.pdb" /Gd /TP /analyze- /errorReport:prompt main.cpp
         main.cpp
     1>e:\self_practice\objectdetection\detectvehiclewidth\main.cpp(54): warning C4244: '=' : conversion from 'double' to 'float', possible loss of data
     1>e:\self_practice\objectdetection\detectvehiclewidth\main.cpp(80): warning C4244: '=' : conversion from 'double' to 'float', possible loss of data
     1>e:\self_practice\objectdetection\detectvehiclewidth\main.cpp(38): warning C4101: 'fTmpGradient' : unreferenced local variable
     1>e:\self_practice\objectdetection\detectvehiclewidth\main.cpp(175): warning C4244: '=' : conversion from 'double' to 'float', possible loss of data
     1>e:\self_practice\objectdetection\detectvehiclewidth\main.cpp(183): warning C4244: '=' : conversion from 'double' to 'float', possible loss of data
     1>e:\self_practice\objectdetection\detectvehiclewidth\main.cpp(153): warning C4101: 'nWidth' : unreferenced local variable
     1>e:\self_practice\objectdetection\detectvehiclewidth\main.cpp(153): warning C4101: 'nHeight' : unreferenced local variable
     1>e:\self_practice\objectdetection\detectvehiclewidth\main.cpp(340): warning C4244: '=' : conversion from 'double' to 'float', possible loss of data
       Link:
         C:\Program Files (x86)\Microsoft Visual Studio 10.0\VC\bin\link.exe /ERRORREPORT:PROMPT /OUT:"E:\Self_Practice\ObjectDetection\Debug\DetectVehicleWidth.exe" /NOLOGO /LIBPATH:C:\OpenCV2.4.5\opencv\build\x86\vc10\lib opencv_calib3d245d.lib opencv_contrib245d.lib opencv_core245d.lib opencv_features2d245d.lib opencv_flann245d.lib opencv_gpu245d.lib opencv_haartraining_engined.lib opencv_highgui245d.lib opencv_imgproc245d.lib opencv_legacy245d.lib opencv_ml245d.lib opencv_nonfree245d.lib opencv_objdetect245d.lib opencv_photo245d.lib opencv_stitching245d.lib opencv_superres245d.lib opencv_ts245d.lib opencv_video245d.lib opencv_videostab245d.lib kernel32.lib user32.lib gdi32.lib winspool.lib comdlg32.lib advapi32.lib shell32.lib ole32.lib oleaut32.lib uuid.lib odbc32.lib odbccp32.lib /MANIFEST /ManifestFile:"Debug\DetectVehicleWidth.exe.intermediate.manifest" /MANIFESTUAC:"level='asInvoker' uiAccess='false'" /DEBUG /PDB:"E:\Self_Practice\ObjectDetection\Debug\DetectVehicleWidth.pdb" /TLBID:1 /DYNAMICBASE /NXCOMPAT /IMPLIB:"E:\Self_Practice\ObjectDetection\Debug\DetectVehicleWidth.lib" /MACHINE:X86 Debug\main.obj
         LINK : E:\Self_Practice\ObjectDetection\Debug\DetectVehicleWidth.exe not found or not built by the last incremental link; performing full link
         DetectVehicleWidth.vcxproj -> E:\Self_Practice\ObjectDetection\Debug\DetectVehicleWidth.exe
       Manifest:
         C:\Program Files (x86)\Microsoft SDKs\Windows\v7.0A\bin\mt.exe /nologo /verbose /outputresource:"E:\Self_Practice\ObjectDetection\Debug\DetectVehicleWidth.exe;#1" /manifest Debug\DetectVehicleWidth.exe.intermediate.manifest
       FinalizeBuildStatus:
         Deleting file "Debug\DetectVehicleWidth.unsuccessfulbuild".
         Touching "Debug\DetectVehicleWidth.lastbuildstate".
     1>Done Building Project "E:\Self_Practice\ObjectDetection\DetectVehicleWidth\DetectVehicleWidth.vcxproj" (build target(s)).

Build succeeded.

Time Elapsed 00:00:02.19
