Build started 03/30/2014 06:23:26.
     1>Project "E:\Self_Practice\ObjectDetection\ImageMatching\ImageMatching.vcxproj" on node 2 (build target(s)).
     1>InitializeBuildStatus:
         Creating "Debug\ImageMatching.unsuccessfulbuild" because "AlwaysCreate" was specified.
       ClCompile:
         C:\Program Files (x86)\Microsoft Visual Studio 10.0\VC\bin\CL.exe /c /IC:\OpenCV2.4.5\opencv\build\include /ZI /nologo /W3 /WX- /Od /Oy- /D _MBCS /Gm /EHsc /RTC1 /MDd /GS /fp:precise /Zc:wchar_t /Zc:forScope /Fo"Debug\\" /Fd"Debug\vc100.pdb" /Gd /TP /analyze- /errorReport:prompt main.cpp
         main.cpp
     1>e:\self_practice\objectdetection\imagematching\main.cpp(297): warning C4244: '=' : conversion from '_off_t' to 'float', possible loss of data
     1>e:\self_practice\objectdetection\imagematching\main.cpp(298): warning C4244: '=' : conversion from 'double' to 'float', possible loss of data
     1>e:\self_practice\objectdetection\imagematching\main.cpp(305): warning C4244: '=' : conversion from '_off_t' to 'float', possible loss of data
     1>e:\self_practice\objectdetection\imagematching\main.cpp(306): warning C4244: '=' : conversion from 'double' to 'float', possible loss of data
     1>e:\self_practice\objectdetection\imagematching\main.cpp(372): warning C4244: '=' : conversion from '_off_t' to 'float', possible loss of data
     1>e:\self_practice\objectdetection\imagematching\main.cpp(373): warning C4244: '=' : conversion from 'double' to 'float', possible loss of data
     1>e:\self_practice\objectdetection\imagematching\main.cpp(380): warning C4244: '=' : conversion from '_off_t' to 'float', possible loss of data
     1>e:\self_practice\objectdetection\imagematching\main.cpp(381): warning C4244: '=' : conversion from 'double' to 'float', possible loss of data
     1>e:\self_practice\objectdetection\imagematching\main.cpp(448): warning C4244: '=' : conversion from '_off_t' to 'float', possible loss of data
     1>e:\self_practice\objectdetection\imagematching\main.cpp(449): warning C4244: '=' : conversion from 'double' to 'float', possible loss of data
     1>e:\self_practice\objectdetection\imagematching\main.cpp(459): warning C4244: '=' : conversion from '_off_t' to 'float', possible loss of data
     1>e:\self_practice\objectdetection\imagematching\main.cpp(460): warning C4244: '=' : conversion from 'double' to 'float', possible loss of data
     1>e:\self_practice\objectdetection\imagematching\main.cpp(530): warning C4244: '=' : conversion from '_off_t' to 'float', possible loss of data
     1>e:\self_practice\objectdetection\imagematching\main.cpp(531): warning C4244: '=' : conversion from 'double' to 'float', possible loss of data
     1>e:\self_practice\objectdetection\imagematching\main.cpp(541): warning C4244: '=' : conversion from '_off_t' to 'float', possible loss of data
     1>e:\self_practice\objectdetection\imagematching\main.cpp(542): warning C4244: '=' : conversion from 'double' to 'float', possible loss of data
     1>e:\self_practice\objectdetection\imagematching\main.cpp(679): warning C4244: '=' : conversion from '_off_t' to 'float', possible loss of data
     1>e:\self_practice\objectdetection\imagematching\main.cpp(680): warning C4244: '=' : conversion from 'double' to 'float', possible loss of data
     1>e:\self_practice\objectdetection\imagematching\main.cpp(694): warning C4244: '=' : conversion from '_off_t' to 'float', possible loss of data
     1>e:\self_practice\objectdetection\imagematching\main.cpp(695): warning C4244: '=' : conversion from 'double' to 'float', possible loss of data
     1>e:\self_practice\objectdetection\imagematching\main.cpp(648): warning C4101: 'nAvgMatchCount' : unreferenced local variable
     1>e:\self_practice\objectdetection\imagematching\main.cpp(647): warning C4101: 'nMatchCount' : unreferenced local variable
     1>e:\self_practice\objectdetection\imagematching\main.cpp(750): warning C4244: '=' : conversion from '_off_t' to 'float', possible loss of data
     1>e:\self_practice\objectdetection\imagematching\main.cpp(751): warning C4244: '=' : conversion from 'double' to 'float', possible loss of data
     1>e:\self_practice\objectdetection\imagematching\main.cpp(755): warning C4244: '=' : conversion from '_off_t' to 'float', possible loss of data
     1>e:\self_practice\objectdetection\imagematching\main.cpp(756): warning C4244: '=' : conversion from 'double' to 'float', possible loss of data
     1>e:\self_practice\objectdetection\imagematching\main.cpp(720): warning C4101: 'strQueryFilename' : unreferenced local variable
     1>e:\self_practice\objectdetection\imagematching\main.cpp(719): warning C4101: 'strRefFilename' : unreferenced local variable
     1>e:\self_practice\objectdetection\imagematching\main.cpp(912): warning C4305: 'argument' : truncation from 'double' to 'float'
     1>e:\self_practice\objectdetection\imagematching\main.cpp(1086): warning C4018: '<' : signed/unsigned mismatch
       Link:
         C:\Program Files (x86)\Microsoft Visual Studio 10.0\VC\bin\link.exe /ERRORREPORT:PROMPT /OUT:"E:\Self_Practice\ObjectDetection\Debug\ImageMatching.exe" /NOLOGO /LIBPATH:C:\OpenCV2.4.5\opencv\build\x86\vc10\lib opencv_calib3d245d.lib opencv_contrib245d.lib opencv_core245d.lib opencv_features2d245d.lib opencv_flann245d.lib opencv_gpu245d.lib opencv_haartraining_engined.lib opencv_highgui245d.lib opencv_imgproc245d.lib opencv_legacy245d.lib opencv_ml245d.lib opencv_nonfree245d.lib opencv_objdetect245d.lib opencv_photo245d.lib opencv_stitching245d.lib opencv_superres245d.lib opencv_ts245d.lib opencv_video245d.lib opencv_videostab245d.lib kernel32.lib user32.lib gdi32.lib winspool.lib comdlg32.lib advapi32.lib shell32.lib ole32.lib oleaut32.lib uuid.lib odbc32.lib odbccp32.lib /MANIFEST /ManifestFile:"Debug\ImageMatching.exe.intermediate.manifest" /MANIFESTUAC:"level='asInvoker' uiAccess='false'" /DEBUG /PDB:"E:\Self_Practice\ObjectDetection\Debug\ImageMatching.pdb" /TLBID:1 /DYNAMICBASE /NXCOMPAT /IMPLIB:"E:\Self_Practice\ObjectDetection\Debug\ImageMatching.lib" /MACHINE:X86 Debug\main.obj
         Debug\SiftMatching.obj
         Debug\SurfMatching.obj
         LINK : E:\Self_Practice\ObjectDetection\Debug\ImageMatching.exe not found or not built by the last incremental link; performing full link
         ImageMatching.vcxproj -> E:\Self_Practice\ObjectDetection\Debug\ImageMatching.exe
       Manifest:
         C:\Program Files (x86)\Microsoft SDKs\Windows\v7.0A\bin\mt.exe /nologo /verbose /outputresource:"E:\Self_Practice\ObjectDetection\Debug\ImageMatching.exe;#1" /manifest Debug\ImageMatching.exe.intermediate.manifest
       FinalizeBuildStatus:
         Deleting file "Debug\ImageMatching.unsuccessfulbuild".
         Touching "Debug\ImageMatching.lastbuildstate".
     1>Done Building Project "E:\Self_Practice\ObjectDetection\ImageMatching\ImageMatching.vcxproj" (build target(s)).

Build succeeded.

Time Elapsed 00:00:01.80
